[Tue May  5 12:29:50 2026] PHP 8.0.30 Development Server (http://localhost:8090) started
[Tue May  5 12:30:09 2026] [::1]:65379 Accepted
[Tue May  5 12:30:09 2026] [::1]:65379 [200]: GET /
[Tue May  5 12:30:09 2026] [::1]:65379 Closing
[Tue May  5 12:30:42 2026] [::1]:59775 Accepted
[Tue May  5 12:30:42 2026] [::1]:59775 [200]: GET /
[Tue May  5 12:30:42 2026] [::1]:59775 Closing
[Tue May  5 12:30:42 2026] [::1]:53634 Accepted
[Tue May  5 12:30:42 2026] [::1]:58218 Accepted
[Tue May  5 12:30:42 2026] [::1]:53634 [200]: GET /assets/css/style.css
[Tue May  5 12:30:42 2026] [::1]:58218 [200]: GET /assets/images/logo.jpeg
[Tue May  5 12:30:42 2026] [::1]:53634 Closing
[Tue May  5 12:30:42 2026] [::1]:58218 Closing
[Tue May  5 12:30:42 2026] [::1]:59455 Accepted
[Tue May  5 12:30:42 2026] [::1]:59455 [200]: GET /assets/images/team.png
[Tue May  5 12:30:42 2026] [::1]:59455 Closing
[Tue May  5 12:30:42 2026] [::1]:61078 Accepted
[Tue May  5 12:30:42 2026] [::1]:59473 Accepted
[Tue May  5 12:30:42 2026] [::1]:61078 [200]: GET /assets/images/task%202.png
[Tue May  5 12:30:42 2026] [::1]:57336 Accepted
[Tue May  5 12:30:42 2026] [::1]:59473 [200]: GET /assets/js/main.js
[Tue May  5 12:30:42 2026] [::1]:50421 Accepted
[Tue May  5 12:30:43 2026] [::1]:57336 [200]: GET /assets/images/Founder/garima-bgremoved.png
[Tue May  5 12:30:43 2026] [::1]:53118 Accepted
[Tue May  5 12:30:43 2026] [::1]:50421 [200]: GET /assets/images/Founder/harshit-bgremoved.png
[Tue May  5 12:30:43 2026] [::1]:53118 [200]: GET /assets/images/Founder/siddharth-bgremoved.png
[Tue May  5 12:30:43 2026] [::1]:59473 Closing
[Tue May  5 12:30:43 2026] [::1]:57336 Closing
[Tue May  5 12:30:43 2026] [::1]:53118 Closing
[Tue May  5 12:30:43 2026] [::1]:50421 Closing
[Tue May  5 12:30:43 2026] [::1]:61078 Closing
[Tue May  5 12:30:43 2026] [::1]:57117 Accepted
[Tue May  5 12:30:43 2026] [::1]:57117 [200]: GET /assets/images/footer.png
[Tue May  5 12:30:43 2026] [::1]:57117 Closing
[Tue May  5 12:30:45 2026] [::1]:52039 Accepted
[Tue May  5 12:30:45 2026] [::1]:52039 [404]: GET /favicon.ico - No such file or directory
[Tue May  5 12:30:45 2026] [::1]:52039 Closing
[Tue May  5 12:33:33 2026] [::1]:59029 Accepted
[Tue May  5 12:33:33 2026] [::1]:59029 [200]: GET /
[Tue May  5 12:33:33 2026] [::1]:59029 Closing
[Tue May  5 12:40:38 2026] [::1]:58475 Accepted
[Tue May  5 12:40:38 2026] [::1]:58475 [200]: GET /tasks.php
[Tue May  5 12:40:38 2026] [::1]:58475 Closing
